<?xml version="1.0" encoding="UTF-8"?>
<!-- Generated by org.testng.reporters.JUnitReportReporter -->
<testsuite hostname="LAPTOP-8VII3GVS" failures="1" tests="1" name="TestExecute.Hydroflask.regressionTestcase.Test_DGLD_HF_ST_001_Guest_user_Checkout_Funtionality_Visa_card" time="0.001" errors="0" timestamp="12 Jun 2023 11:50:35 GMT">
  <testcase classname="TestExecute.Hydroflask.regressionTestcase.Test_DGLD_HF_ST_001_Guest_user_Checkout_Funtionality_Visa_card" name="Validate_Guest_Checkout_Funtionality_Visa_card" time="0.001">
    <failure message="Cannot invoke &quot;org.openqa.selenium.WebDriver.findElements(org.openqa.selenium.By)&quot; because the return value of &quot;TestLib.Common.getDriver()&quot; is null" type="java.lang.NullPointerException">
      <![CDATA[java.lang.NullPointerException: Cannot invoke "org.openqa.selenium.WebDriver.findElements(org.openqa.selenium.By)" because the return value of "TestLib.Common.getDriver()" is null
	at TestLib.Common.findElements(Common.java:174)
	at TestComponent.Hydroflask.GoldHydroHelper.close_add(GoldHydroHelper.java:1734)
	at TestExecute.Hydroflask.regressionTestcase.Test_DGLD_HF_ST_001_Guest_user_Checkout_Funtionality_Visa_card.startTest(Test_DGLD_HF_ST_001_Guest_user_Checkout_Funtionality_Visa_card.java:55)
	at java.base/jdk.internal.reflect.NativeMethodAccessorImpl.invoke0(Native Method)
	at java.base/jdk.internal.reflect.NativeMethodAccessorImpl.invoke(NativeMethodAccessorImpl.java:78)
	at java.base/jdk.internal.reflect.DelegatingMethodAccessorImpl.invoke(DelegatingMethodAccessorImpl.java:43)
	at java.base/java.lang.reflect.Method.invoke(Method.java:567)
	at org.testng.internal.MethodInvocationHelper.invokeMethod(MethodInvocationHelper.java:80)
	at org.testng.internal.Invoker.invokeConfigurationMethod(Invoker.java:564)
	at org.testng.internal.Invoker.invokeConfigurations(Invoker.java:213)
	at org.testng.internal.Invoker.invokeConfigurations(Invoker.java:138)
	at org.testng.TestRunner.beforeRun(TestRunner.java:641)
	at org.testng.TestRunner.run(TestRunner.java:609)
	at org.testng.SuiteRunner.runTest(SuiteRunner.java:334)
	at org.testng.SuiteRunner.runSequentially(SuiteRunner.java:329)
	at org.testng.SuiteRunner.privateRun(SuiteRunner.java:291)
	at org.testng.SuiteRunner.run(SuiteRunner.java:240)
	at org.testng.SuiteRunnerWorker.runSuite(SuiteRunnerWorker.java:52)
	at org.testng.SuiteRunnerWorker.run(SuiteRunnerWorker.java:86)
	at org.testng.TestNG.runSuitesSequentially(TestNG.java:1198)
	at org.testng.TestNG.runSuitesLocally(TestNG.java:1123)
	at org.testng.TestNG.run(TestNG.java:1031)
	at org.testng.remote.AbstractRemoteTestNG.run(AbstractRemoteTestNG.java:115)
	at org.testng.remote.RemoteTestNG.initAndRun(RemoteTestNG.java:251)
	at org.testng.remote.RemoteTestNG.main(RemoteTestNG.java:77)
]]>
    </failure>
  </testcase> <!-- Validate_Guest_Checkout_Funtionality_Visa_card -->
</testsuite> <!-- TestExecute.Hydroflask.regressionTestcase.Test_DGLD_HF_ST_001_Guest_user_Checkout_Funtionality_Visa_card -->
